Started by user [8mha:////4OD9j0QHOWHHSL5aw0vBHIeI0kPUYpezn3NhhujZAqmTAAAAlx+LCAAAAAAAAP9b85aBtbiIQTGjNKU4P08vOT+vOD8nVc83PyU1x6OyILUoJzMv2y+/JJUBAhiZGBgqihhk0NSjKDWzXb3RdlLBUSYGJk8GtpzUvPSSDB8G5tKinBIGIZ+sxLJE/ZzEvHT94JKizLx0a6BxUmjGOUNodHsLgAyOEgZu/dLi1CL9xJTczDwAg9OS0cAAAAA=[0mhenrique
Building in workspace /var/jenkins_home/workspace/teste2
No credentials specified
 > git rev-parse --is-inside-work-tree # timeout=10
Fetching changes from the remote Git repository
 > git config remote.origin.url https://github.com/henriquewestphal/argentum-web.git # timeout=10
Fetching upstream changes from https://github.com/henriquewestphal/argentum-web.git
 > git --version # timeout=10
 > git fetch --tags --progress https://github.com/henriquewestphal/argentum-web.git +refs/heads/*:refs/remotes/origin/*
 > git rev-parse refs/remotes/origin/master^{commit} # timeout=10
 > git rev-parse refs/remotes/origin/origin/master^{commit} # timeout=10
Checking out Revision dfca41140f80b024ea03590e610d5cd7c9a8e308 (refs/remotes/origin/master)
 > git config core.sparsecheckout # timeout=10
 > git checkout -f dfca41140f80b024ea03590e610d5cd7c9a8e308
Commit message: "teste jenkins"
 > git rev-list --no-walk dfca41140f80b024ea03590e610d5cd7c9a8e308 # timeout=10
[teste2] $ /var/jenkins_home/tools/hudson.tasks.Maven_MavenInstallation/Apache_Maven_3.5.4/bin/mvn package
[INFO] Scanning for projects...
[INFO] 
[INFO] ----------------< br.com.caelum.argentum:argentum-web >-----------------
[INFO] Building argentum-web 1.0.0-SNAPSHOT
[INFO] --------------------------------[ war ]---------------------------------
[INFO] 
[8mha:////4MEawC/u6INT+OtSbmkvB7R4kKyH8VyfcLvGi7Dv/4wwAAAAYB+LCAAAAAAAAP9b85aBtbiIQSmjNKU4P0+vJLE4u1gvPjexLDVPzxdEGvvmZ+X75ZekLlOVfvTjc8FPJgaGiiIGKaiG5Py84vycVD1nCA1SyAABjCCFBQCV27OjYAAAAA==[0m[INFO] --- jacoco-maven-plugin:0.7.6.201602180812:prepare-agent (default) @ argentum-web ---
[INFO] argLine set to -javaagent:/var/jenkins_home/.m2/repository/org/jacoco/org.jacoco.agent/0.7.6.201602180812/org.jacoco.agent-0.7.6.201602180812-runtime.jar=destfile=/var/jenkins_home/workspace/teste2/target/jacoco.exec
[INFO] 
[8mha:////4MEawC/u6INT+OtSbmkvB7R4kKyH8VyfcLvGi7Dv/4wwAAAAYB+LCAAAAAAAAP9b85aBtbiIQSmjNKU4P0+vJLE4u1gvPjexLDVPzxdEGvvmZ+X75ZekLlOVfvTjc8FPJgaGiiIGKaiG5Py84vycVD1nCA1SyAABjCCFBQCV27OjYAAAAA==[0m[INFO] --- maven-resources-plugin:2.6:resources (default-resources) @ argentum-web ---
[INFO] Using 'UTF-8' encoding to copy filtered resources.
[INFO] Copying 1 resource
[INFO] 
[8mha:////4MEawC/u6INT+OtSbmkvB7R4kKyH8VyfcLvGi7Dv/4wwAAAAYB+LCAAAAAAAAP9b85aBtbiIQSmjNKU4P0+vJLE4u1gvPjexLDVPzxdEGvvmZ+X75ZekLlOVfvTjc8FPJgaGiiIGKaiG5Py84vycVD1nCA1SyAABjCCFBQCV27OjYAAAAA==[0m[INFO] --- maven-compiler-plugin:3.1:compile (default-compile) @ argentum-web ---
[INFO] Nothing to compile - all classes are up to date
[INFO] 
[8mha:////4MEawC/u6INT+OtSbmkvB7R4kKyH8VyfcLvGi7Dv/4wwAAAAYB+LCAAAAAAAAP9b85aBtbiIQSmjNKU4P0+vJLE4u1gvPjexLDVPzxdEGvvmZ+X75ZekLlOVfvTjc8FPJgaGiiIGKaiG5Py84vycVD1nCA1SyAABjCCFBQCV27OjYAAAAA==[0m[INFO] --- maven-resources-plugin:2.6:testResources (default-testResources) @ argentum-web ---
[INFO] Using 'UTF-8' encoding to copy filtered resources.
[INFO] Copying 1 resource
[INFO] 
[8mha:////4MEawC/u6INT+OtSbmkvB7R4kKyH8VyfcLvGi7Dv/4wwAAAAYB+LCAAAAAAAAP9b85aBtbiIQSmjNKU4P0+vJLE4u1gvPjexLDVPzxdEGvvmZ+X75ZekLlOVfvTjc8FPJgaGiiIGKaiG5Py84vycVD1nCA1SyAABjCCFBQCV27OjYAAAAA==[0m[INFO] --- maven-compiler-plugin:3.1:testCompile (default-testCompile) @ argentum-web ---
[INFO] Nothing to compile - all classes are up to date
[INFO] 
[8mha:////4MEawC/u6INT+OtSbmkvB7R4kKyH8VyfcLvGi7Dv/4wwAAAAYB+LCAAAAAAAAP9b85aBtbiIQSmjNKU4P0+vJLE4u1gvPjexLDVPzxdEGvvmZ+X75ZekLlOVfvTjc8FPJgaGiiIGKaiG5Py84vycVD1nCA1SyAABjCCFBQCV27OjYAAAAA==[0m[INFO] --- maven-surefire-plugin:2.22.1:test (default-test) @ argentum-web ---
[INFO] 
[INFO] -------------------------------------------------------
[INFO]  T E S T S
[INFO] -------------------------------------------------------
[INFO] Running br.com.caelum.argentum.reader.LeitorXMLTest
[INFO] Tests run: 1, Failures: 0, Errors: 0, Skipped: 0, Time elapsed: 0.345 s - in br.com.caelum.argentum.reader.LeitorXMLTest
[INFO] Running br.com.caelum.argentum.indicadores.MediaMovelPonderadaTest
[INFO] Tests run: 1, Failures: 0, Errors: 0, Skipped: 0, Time elapsed: 0 s - in br.com.caelum.argentum.indicadores.MediaMovelPonderadaTest
[INFO] Running br.com.caelum.argentum.indicadores.MediaMovelSimplesTest
[INFO] Tests run: 1, Failures: 0, Errors: 0, Skipped: 0, Time elapsed: 0 s - in br.com.caelum.argentum.indicadores.MediaMovelSimplesTest
[INFO] Running br.com.caelum.argentum.modelo.NegociacaoTest
[INFO] Tests run: 6, Failures: 0, Errors: 0, Skipped: 0, Time elapsed: 0.001 s - in br.com.caelum.argentum.modelo.NegociacaoTest
[INFO] Running br.com.caelum.argentum.modelo.CandlestickFactoryTest
[INFO] Tests run: 4, Failures: 0, Errors: 0, Skipped: 0, Time elapsed: 0 s - in br.com.caelum.argentum.modelo.CandlestickFactoryTest
[INFO] 
[INFO] Results:
[INFO] 
[INFO] Tests run: 13, Failures: 0, Errors: 0, Skipped: 0
[INFO] 
[INFO] 
[8mha:////4MEawC/u6INT+OtSbmkvB7R4kKyH8VyfcLvGi7Dv/4wwAAAAYB+LCAAAAAAAAP9b85aBtbiIQSmjNKU4P0+vJLE4u1gvPjexLDVPzxdEGvvmZ+X75ZekLlOVfvTjc8FPJgaGiiIGKaiG5Py84vycVD1nCA1SyAABjCCFBQCV27OjYAAAAA==[0m[INFO] --- maven-surefire-report-plugin:2.19.1:report-only (default) @ argentum-web ---
[8mha:////4CdsxzIDOZNje5InBAPl/2x4wdQyyPQ27Wn6gXTSZT+uAAAAYx+LCAAAAAAAAP9b85aBtbiIQSWjNKU4P0+vJLE4u1gvPjexLDVPzxdEhicW5WXmpfvll6S2fNly5fzGzauYGBgqihikoFqS8/OK83NS9ZwhNEghAwQwghQWAACwxA+XYgAAAA==[0m[WARNING] Unable to locate Test Source XRef to link to - DISABLED
[INFO] 
[8mha:////4MEawC/u6INT+OtSbmkvB7R4kKyH8VyfcLvGi7Dv/4wwAAAAYB+LCAAAAAAAAP9b85aBtbiIQSmjNKU4P0+vJLE4u1gvPjexLDVPzxdEGvvmZ+X75ZekLlOVfvTjc8FPJgaGiiIGKaiG5Py84vycVD1nCA1SyAABjCCFBQCV27OjYAAAAA==[0m[INFO] --- maven-war-plugin:2.6:war (default-war) @ argentum-web ---
[INFO] Packaging webapp
[INFO] Assembling webapp [argentum-web] in [/var/jenkins_home/workspace/teste2/target/argentum-web]
[INFO] Processing war project
[INFO] Copying webapp resources [/var/jenkins_home/workspace/teste2/src/main/webapp]
[INFO] Webapp assembled in [45 msecs]
[INFO] Building war: /var/jenkins_home/workspace/teste2/target/argentum-web.war
[INFO] ------------------------------------------------------------------------
[INFO] BUILD SUCCESS
[INFO] ------------------------------------------------------------------------
[INFO] Total time: 3.507 s
[INFO] Finished at: 2019-03-12T22:28:36Z
[INFO] ------------------------------------------------------------------------
Finished: SUCCESS
